{"level":"info","message":"Listening on http://localhost:3000/","label":"LullabyShop\\server.js","timestamp":"2016-05-06T14:33:08.364Z"}
{"level":"info","message":"New customer connected (id=/#TEYkhljuajCLZpW-AAAA)","label":"LullabyShop\\server.js","timestamp":"2016-05-06T14:33:12.170Z"}
{"level":"info","message":"Customer disconnected (id=undefined)","label":"LullabyShop\\server.js","timestamp":"2016-05-06T14:33:40.062Z"}
{"level":"info","message":"Listening on http://localhost:3000/","label":"LullabyShop\\server.js","timestamp":"2016-05-07T08:27:04.789Z"}
{"level":"info","message":"New customer connected (id=/#QJVniYXLlapiNps8AAAA)","label":"LullabyShop\\server.js","timestamp":"2016-05-07T08:27:12.535Z"}
{"level":"info","message":"Listening on http://localhost:3000/","label":"LullabyShop\\server.js","timestamp":"2016-05-07T08:42:48.160Z"}
{"level":"info","message":"New customer connected (id=/#9VryN1DgwNd1Bj7PAAAA)","label":"LullabyShop\\server.js","timestamp":"2016-05-07T08:42:48.457Z"}
{"level":"info","message":"New customer connected (id=/#_zK_J5dEj6Owr94yAAAB)","label":"LullabyShop\\server.js","timestamp":"2016-05-07T08:42:51.848Z"}
{"level":"info","message":"Listening on http://localhost:3000/","label":"LullabyShop\\server.js","timestamp":"2016-05-07T08:45:42.932Z"}
{"level":"info","message":"New customer connected (id=/#XmMu2IfrAFa1fMzSAAAA)","label":"LullabyShop\\server.js","timestamp":"2016-05-07T08:45:43.008Z"}
{"level":"info","message":"New customer connected (id=/#-cNKEvF46G2sP1uZAAAB)","label":"LullabyShop\\server.js","timestamp":"2016-05-07T08:45:43.627Z"}
{"level":"info","message":"New customer connected (id=/#GF04bJZ1XA8ZaeFWAAAC)","label":"LullabyShop\\server.js","timestamp":"2016-05-07T08:45:46.296Z"}
{"level":"info","message":"Customer disconnected (id=undefined)","label":"LullabyShop\\server.js","timestamp":"2016-05-07T08:45:47.860Z"}
{"level":"info","message":"Customer disconnected (id=undefined)","label":"LullabyShop\\server.js","timestamp":"2016-05-07T08:45:49.055Z"}
{"level":"info","message":"Listening on http://localhost:3000/","label":"LullabyShop\\server.js","timestamp":"2016-05-07T08:49:17.294Z"}
{"level":"info","message":"New customer connected (id=/#r-1n6vD9fZNNHIU4AAAA)","label":"LullabyShop\\server.js","timestamp":"2016-05-07T08:49:18.617Z"}
{"level":"info","message":"New customer connected (id=/#esz-5wfT2_lwFwnqAAAB)","label":"LullabyShop\\server.js","timestamp":"2016-05-07T08:49:19.580Z"}
{"level":"info","message":"Customer disconnected (id=undefined)","label":"LullabyShop\\server.js","timestamp":"2016-05-07T08:49:39.327Z"}
{"level":"info","message":"Listening on http://localhost:3000/","label":"LullabyShop\\server.js","timestamp":"2016-05-07T09:09:17.629Z"}
{"level":"info","message":"Listening on http://localhost:3000/","label":"LullabyShop\\server.js","timestamp":"2016-05-07T09:10:08.603Z"}
{"level":"info","message":"New customer connected (id=/#IjS7LoUWIsfstfgpAAAA)","label":"socketio\\socketio.js","timestamp":"2016-05-07T09:10:13.418Z"}
{"level":"info","message":"Customer disconnected (id=undefined)","label":"socketio\\socketio.js","timestamp":"2016-05-07T09:10:28.958Z"}
{"level":"info","message":"Listening on http://localhost:3000/#","label":"LullabyShop\\server.js","timestamp":"2016-05-07T09:11:05.593Z"}
{"level":"info","message":"Listening on http://localhost:3000/","label":"LullabyShop\\server.js","timestamp":"2016-05-07T09:11:58.484Z"}
{"level":"info","message":"Listening on http://localhost:3000/","label":"LullabyShop\\server.js","timestamp":"2016-05-07T09:14:33.711Z"}
{"level":"info","message":"Listening on http://localhost:3000/","label":"LullabyShop\\server.js","timestamp":"2016-05-07T09:15:47.330Z"}
{"level":"info","message":"Listening on http://localhost:3000/","label":"LullabyShop\\server.js","timestamp":"2016-05-07T09:17:30.593Z"}
{"level":"info","message":"Listening on http://localhost:3000/","label":"LullabyShop\\server.js","timestamp":"2016-05-07T09:17:57.563Z"}
{"level":"info","message":"Listening on http://localhost:3000/","label":"LullabyShop\\server.js","timestamp":"2016-05-07T09:18:24.410Z"}
{"level":"info","message":"Listening on http://localhost:3000/","label":"LullabyShop\\server.js","timestamp":"2016-05-07T09:19:37.796Z"}
{"level":"info","message":"Listening on http://localhost:3000/","label":"LullabyShop\\server.js","timestamp":"2016-05-07T09:20:04.636Z"}
{"level":"info","message":"Listening on http://localhost:3000/","label":"LullabyShop\\server.js","timestamp":"2016-05-07T09:20:25.827Z"}
{"level":"info","message":"Listening on http://localhost:3000/","label":"LullabyShop\\server.js","timestamp":"2016-05-07T09:21:14.872Z"}
{"level":"info","message":"New customer connected (id=/#FL03vBz8AALeFaldAAAA)","label":"LullabyShop\\server.js","timestamp":"2016-05-07T09:21:15.891Z"}
{"level":"info","message":"New customer connected (id=/#Vk5Dy9217XidxCspAAAB)","label":"LullabyShop\\server.js","timestamp":"2016-05-07T09:21:17.427Z"}
{"level":"info","message":"Listening on http://localhost:3000/","label":"LullabyShop\\server.js","timestamp":"2016-05-07T09:21:45.419Z"}
{"level":"info","message":"New customer connected (id=/#POgHjOmlNCEc8k78AAAA)","label":"LullabyShop\\server.js","timestamp":"2016-05-07T09:21:45.489Z"}
{"level":"info","message":"New customer connected (id=/#uRLpXf5IneqB3aUnAAAB)","label":"LullabyShop\\server.js","timestamp":"2016-05-07T09:21:45.509Z"}
{"level":"info","message":"Customer disconnected (id=undefined)","label":"LullabyShop\\server.js","timestamp":"2016-05-07T09:21:49.452Z"}
{"level":"info","message":"Customer disconnected (id=undefined)","label":"LullabyShop\\server.js","timestamp":"2016-05-07T09:21:50.210Z"}
{"level":"info","message":"Listening on http://localhost:3000/","label":"LullabyShop\\server.js","timestamp":"2016-05-07T09:22:04.130Z"}
{"level":"info","message":"New customer connected (id=/#sgTgo8GkdaUzCSMDAAAA)","label":"LullabyShop\\server.js","timestamp":"2016-05-07T09:22:06.180Z"}
{"level":"info","message":"Listening on http://localhost:3000/","label":"LullabyShop\\server.js","timestamp":"2016-05-07T09:25:10.446Z"}
{"level":"info","message":"New customer connected (id=/#5EaQxIhTY1ufDcx5AAAA)","label":"LullabyShop\\socketio.js","timestamp":"2016-05-07T09:25:12.676Z"}
{"level":"info","message":"New customer connected (id=/#MmgW3QkNnGOxe_yFAAAB)","label":"LullabyShop\\socketio.js","timestamp":"2016-05-07T09:25:14.796Z"}
{"level":"info","message":"New customer connected (id=/#bxISCmQWClnRwxekAAAC)","label":"LullabyShop\\socketio.js","timestamp":"2016-05-07T09:25:19.806Z"}
{"level":"info","message":"New customer connected (id=/#lO0X2CWtJgaAk3_qAAAD)","label":"LullabyShop\\socketio.js","timestamp":"2016-05-07T09:25:21.551Z"}
{"level":"info","message":"Listening on http://localhost:3000/","label":"LullabyShop\\server.js","timestamp":"2016-05-07T09:28:43.567Z"}
{"level":"info","message":"New customer connected (id=/#cZg32Ac5UzquqWvNAAAA)","label":"LullabyShop\\socketio.js","timestamp":"2016-05-07T09:28:45.947Z"}
{"level":"info","message":"Listening on http://localhost:3000/","label":"LullabyShop\\server.js","timestamp":"2016-05-07T09:31:08.337Z"}
{"level":"info","message":"New customer connected (id=/#FRNj2x2NsnXnWvPHAAAA)","label":"LullabyShop\\socketio.js","timestamp":"2016-05-07T09:31:08.382Z"}
{"level":"info","message":"New customer connected (id=/#Kddo9JmfD5LKPenFAAAB)","label":"LullabyShop\\socketio.js","timestamp":"2016-05-07T09:31:10.815Z"}
